-1
-1
20460950860854490
-1
-1
-1
808551376532348
21457953031877028
-1
37878509314643600
9810093456058800
-1
15030427046530500
114854168022574050
40144243116980095
74704220988567742
-1
-1
-1
14842862619603928
2433188792450635
2708340346389852
36872492677599042
88416717989883829
91927073509904000
51522205276776492
64959286355730603
79823967093933602
188854776341221970
-1
153944809925579904
94091714472909690
97040696867527270
100341241645439232
5530337859776416
30812927626566631
177348310512012035
55680063608165085
9900453761697720
17101417599415080
71733027994908251
154745588141519397
135335031845616625
27528090208253355
138319067668063648
-1
28113668226189360
61446461913205054
19085037041784945
154867234847750328
220286633649355
163506133917267549
8119909031400692
95845834896617892
16650082530787944
30850001870961063
14193783322107008
128182847084399625
120811133629992741
-1
63492318534671488
28654893152616060
21485632991453580
-1
27288155514199705
82943927461277016
33615374881426966
46378046874343559
15428216725648701
127641256922890758
10996215697921200
115146312597074248
158925090540272822
21719367537566511
87466976238816265
78281550417035900
-1
91898126339990152
47606122907314736
85581740560690904
54396308261617504
24763656033970950
46947113997893466
60048731014631288
28168017496162016
34518612514281489
-1
3594229173181088
60474213972139201
62043114060596226
74821200248883200
88474978212757080
86833199268911133
17970259405060
156975469110476279
-1
22551036653616615
76566472741367156
51930800973762336
45976806567148482
77083091470726722
17636811212125382
8610269238050920
71769992968867974
55834627821822960
77678784089622944
15961530871316033
71982905302829325
-1
69160994437341716
19760051107198828
60249333635245410
71768260326041955
6667131570942890
3602238169003056
23658066357827724
79168218393696330
25797579753520203
39999356831764854
28164599083794376
40645690279794314
23671617976950915
2239217580286134
39773450363788915
22373113499575470
12824871421445972
62178567636494430
127280341784067230
186268188039531648
43151868946925352
5604245633080035
97117671392530740
-1
55315928901359880
84825770497180782
88280108612402112
4997140481748180
17170684071803775
22339208814506230
5203572019676520
2847194550043674
27801487620693920
57849574151444979
28093719808221732
28487761481403224
66001677129105984
185764151583580830
10855000163603026
103709928177327340
74296488450992808
130301352669350350
162357276834593264
10455458378024531
74726785459369054
87524920385396245
30469089266006484
121777203492829913
72163458464749596
37048480136572320
26410068326760592
70667566808178605
70802315572486810
84205441782999880
136535606664448167
22976839668149500
91878264578601119
29066392458294345
92416291308590895
37706961742068837
34757115823811845
36433120856294336
51092543310903000
86588377870800564
133007994594852210
55721891589479860
89006553811832208
67906920745992801
592504446049600
44628468291444258
7750739813387637
24704584483651347
185765700366560800
122725377024808464
41592424432460752
25836802113287781
153872283388623534
76375508236177367
166364986576034961
118143847188580785
175643066557894260
190891885674882856
77199450100095240
174518612292205356
36594847589249885
121252939149773977
8403605070529200
44780261064075475
120158798406379500
1352179966081197
62463953717587840
1128658844420456
147010580932842844
84779627060930424
102929089436948010
86822547624487065
25873929577319985
7608529158764075
125970701044348431
182597848260622326
40045531185127208
2473485670956168
2230100956787879
69893661746970226
205891274935237131
91326963580660829
14654491560762222
67790003422897818
116870206682876140
57323524546798836
-1
143605469168883345
26374698361704033
104446591680054429
79590140427467992
89480000425847962
39039075064571351
49482798956418236
53886758072418367
3273921756216636
1233572063749744
65742000563241750
11034646147694068
84986587485408119
92155052349721899
182223362041525127
103185691834318072
22923279487689412
79195406608557268
24787157953892782
5655796367445371
118837207854927826
120232504003282860
77330434659959796
29985652325440318
65098918720963604
25500401226837120
45975300989579802
-1
167609918563457035
60038092100898360
351987465012442
33777110027990213
209609640932807112
3044463303894750
15405391288184884
49941354959610822
106689903649938296
-1
131034818694612560
135986545057318462
198995727005653086
29166599329675400
141067947301087048
15676262914283214
731894303385768
191062894486673132
135714811842564885
9544077617501760
8267218451845589
20259513484986734
152783335436893830
14474006883104874
32252468827513050
180466132178766492
-1
62968413426109542
109245660366911218
98052629117879408
58950446195003000
49310598921837125
126223999383721184
20344213602979552
27038087068186044
80429297973213640
10522841430454584
125028450811824872
32055109790618838
3403114795770360
105274616924433814
6988114215060800
41345232199098156
195926781351426258
14362633573093344
99984394449984672
74029862876601820
26339116613401140
30292662176865648
24002591763473352
56276622813613290
37914191068569896
34541298441671910
453506832805888
41684438687708752
9287105655244566
55378251474589418
63232689672741432
-1
-1
12115229882191686
100270772450277594
64766087733701331
49580922969802800
10981347524063500
71152345660099808
176043778186162050
-1
343396100197742
30135000622291496
6332324741070822
173858508731522781
134205720377970222
49417495658519031
14496789952450341
196096485192395838
69658597830929525
4349557188430348
-1
4171674909658692
174570056534564868
766890951769900
8314251086989224
62034941209875406
100894986053707797
4564655897975734
36771014876818538
83255029389224064
199030418917341156
31327294841946
4933990948136772
6064326569386776
173518911988644654
205443939771199439
4699663727889524
41230272539453690
44101570591819325
10069332440193980
26907328961537508
97197940110499338
70349219908609638
5778835493183478
36040941322213993
62408924018342280
15334614333651010
151456684418244320
39747385447649761
101782440715226751
107228716402488872
43997709832530239
22623595686540310
99659795212000505
35710429852124960
86086772617791330
5555313666999540
13416041314350192
174819954416264703
1277519734846900
108309706836216192
73312940684522340
78360203258009837
128428758645620160
16522125434059392
66038651720525130
786202754736186
18516781255583540
90368636463691362
20461995548520140
82966091465895022
144920439057973568
-1
4966825332708118
64275245942228672
96313815281709432
17204245201405280
140816873362495368
32358351687058672
62114092652147730
81058135854565704
123998627082310815
78221322068112092
14128348789213248
28222401222702117
173984360239303320
129152264663991644
48615972687501600
19403800865395947
152580552086934952
3831740447106472
28622487999401408
151494652582758705
-1
8900832033017392
105532676690590224
62533000143797520
60491483237593800
82286802169880665
75331631726162121
38486827589560441
42815681789607012
70227189807435500
32224293073525230
9695596128048402
46646438810830596
112355588594037568
3139391903362887
168160145709572016
35917855162228032
89512760900490360
34057515273817420
37853352626420550
43714883858565600
12170087785525338
92454323922130990
65694844901620077
5122164517863316
167566280067723682
103890912912792663
3478055859596800
152042772112477092
151629216562815340
547522342767850
82043922082399420
131484326625714513
5383768473167245
34446829846389365
71423949162409883
6819576491760856
12354562806510456
48081951440615312
3667234040802475
89264213147526738
60341818215410288
146793237260013679
125358977821799850
55063822655652984
12511183835501795
12124241581073020
128459323067777012
25578339127319596
77609994521227341
63315058240618555
17155285015999194
68452437791428320
122505452971137972
708192648589204
115093072664509588
84972432159516000
82131925906134502
8618742561517629
65189378772184200
79233850729050674
175370406665304618
2743211527885755
14984853820532088
17066312368635112
76832206772091675
96058115870900847
22387205300392510
22239968415201456
43391007657562032
2525401076287448
115125589762497120
1163422278331109
143255072628975885
40313195655951890
103475995567881120
6077735030662549
45071146842748686
34519581431916732
57358678764353700
170194636055073212
27292199606627230
48382968679606506
34996278018277693
34942326789037894
45748373883012710
789386144178486
3110106174611250
149200314617189358
93909637871198866
27472203224875678
59765148346488533
174533727292458195
105882041051940000
12346982094068820
120963959017513250
166661818647201310
767148061512679
33439637249284156
12878937376915456
29373295010395008
14557866080746734
