-1
39482555149585544
-1
-1
-1
-1
-1
-1
14321696342664768
-1
-1
-1
-1
-1
-1
-1
-1
49943690561690750
-1
-1
56362869229761606
-1
-1
60742540271366184
801242195629937
-1
5665373453998062
40043098325247795
109653603897674339
30056719212548723
-1
-1
-1
-1
8718595462323075
-1
5284125549982790
-1
-1
13731419776466867
56578313388534348
9768883242345576
739052919296190
-1
35983421228066130
-1
-1
43336477330422012
13407367504763340
-1
-1
10348259455370760
39027266338378713
114242165932306965
-1
-1
-1
-1
610811116166610
138858914406971500
23582708932490653
-1
-1
-1
-1
11125652286269106
75393653816562720
63111347215383852
25967127655902780
90694336601815596
4750674119606910
7119683876542041
-1
8667790695353775
75007878857128
-1
15685293338227403
7307953961705640
11202560410580500
-1
-1
9198972734171700
-1
38288033616625042
-1
-1
-1
5315874732517194
-1
4391170541884906
-1
-1
-1
7246248057644040
587672062435590
-1
22460641206373307
-1
-1
39012178091222886
7011752255272806
8895945313370643
-1
37742371714672350
6198678449607554
-1
855551720613543
-1
-1
40793299477657300
25223668434481906
7505793739169061
-1
3607650003331960
47815857316555548
40122331009803750
-1
19311902090326305
-1
3356085942925012
7073273154409047
1451905830739806
27875998500484182
-1
-1
16215215017242504
-1
-1
22328765279778420
-1
-1
5069747163432095
-1
8610923342517958
-1
63539000565911336
-1
-1
49393526221331310
-1
13367145703753881
98735426964880212
-1
17702863498845726
22194519581772190
69816753888625700
35362298131472180
6400034619296087
51507450810103632
27580123671868909
-1
-1
-1
1930613865202704
10204581380811153
-1
11550317783403168
-1
94369797782227942
-1
20017366984349280
90272025578828100
4434807641046384
4374977092363326
-1
-1
78997578977413472
672636333925056
45240222105406944
49107093389988453
42256351681979808
20086860246433955
83264878153879104
83210110772514544
69431627394551660
36033280931163764
6656447524850300
83954769674090484
34071882544860160
-1
129499263867887942
59161490067077590
-1
88035529935486232
62682785895180780
2097128196974880
17758758698827660
-1
30487096803391357
-1
-1
-1
-1
18837897776285874
10942735124847400
29105296798028570
-1
34830884418891099
-1
-1
33417476922378854
59796755741269470
-1
41353978514613416
81146268632235
27718052701428870
1462406223374435
10039704671845716
18314047799612838
13830894892396400
9039592500516954
46823217980035392
2118558036448860
-1
8983112940767853
7240692420257408
-1
158916551831891300
-1
-1
8883960659417945
77386398963589378
8785679169771413
59188178653329388
9250073612957568
57607294743251664
444309560175360
108812789810737848
62925529222666202
17441451638812607
90262958610424033
79797201341665690
72393763715483725
80954992566208112
-1
67843655895266009
-1
74551053012260656
125741193056115226
158631509378555
-1
4036025175714282
96057732469922205
-1
23279007872169420
40394433334536800
68178115804022079
29898077541554234
87384624232237175
-1
6113503942616340
-1
92172376383393516
-1
526305157771247
58604065644113016
-1
70989994252592614
67165001097363840
41784901907067700
1170453008978712
58499084391345684
17663684754787869
-1
-1
47827986828461125
61531244167211448
38233664708850585
59224357730238120
-1
78492571974669200
1430362326199830
-1
-1
21769043606285760
66106631357848302
14773452426372071
69186806640211248
11875113039746880
52191239563693408
89209321997463882
6367423317414126
38675657483374875
13271159506785077
91576000261615932
-1
34431923173545866
45307554773692323
-1
7624342883694108
23745716005919882
16745024403658780
69613103287220010
107672254013884644
157634467826522112
12692085153916462
37760651362597728
23200734872994100
70377481340516023
1770634220181552
-1
2326572598451859
21672230733490960
64605786808825912
177885981954295714
121479497242666035
4123807989695661
36511313499700947
180890812271055908
54841836504906234
44895147910428836
165316230349803992
1584633081328880
46039799485921846
13919258876675700
20923714724899662
31135988943249456
36459540493566764
55640851624432
8358591428011656
-1
10178739450739200
-1
88624027141873250
645908714153269
4166753150821224
-1
22843489689303456
-1
69462179017246464
47124993072193001
41054384268770740
38955891058397108
39119134657063000
-1
-1
-1
26248884282220107
6003621688701390
62181044178758674
-1
3944976517685790
-1
2408915429555118
49664342946112752
140329886025677480
2366819816614370
-1
91398873347966568
56255395734870696
66137544737997824
-1
139055415213553855
61021381079976840
12374173701483150
25358836424165928
173393837648451777
47164638544525835
-1
25954453416387520
118048321946898408
-1
-1
46660074049739610
32290946597786624
-1
26088877206132620
24230465978860412
-1
189540846009102264
59768259431384826
161870030032366467
8888818031627625
65023734748907200
163665524967628516
19133392607156118
86697060336987000
34106940736786731
59894430123004179
45315896914762740
21264379746207840
19001971769646407
10485817655784212
21553478923352560
-1
26377435605386476
16251295712999062
9183891244159504
-1
11515358975045456
155585649977111229
21423078074342895
109631771580684223
68203425258627960
-1
43320813494118765
27928918851466167
28475727949261314
20152581728665050
12247038170971002
89837686898017845
23220365582802606
155450515372028180
144822246051735050
133983392104448
-1
-1
-1
-1
182952419097328
151282910781632440
1352496566540377
97976936321339696
21209762523642414
7076713600170012
118137279314056400
108543218161991076
34811675879281544
430018136902016
16289761443107131
22383060616553928
63579470073339675
48943354096155024
34291055537207392
-1
-1
65968821715162700
142168588724377089
468947356440768
63864477872921709
12779946816083300
131473479434077088
29957776970040285
87998812238997536
1180519628626360
5626598458880024
21422564467341450
6359247373830720
8232073852449798
64781285079922176
71555762701087057
50048621300334573
3189535733756672
-1
16258674531978516
48061007213228160
4741185473203848
86681674585342078
108140766579474078
61554904636029525
95559819253509162
20083314468827088
-1
14826489804368220
-1
85312747037355730
74387362933614258
129592219249896312
16349765210877375
99688148154787407
53428103387546448
11783324512650420
55057379554799336
102895365162690600
13625722140066960
24564104002146082
129171636307347152
148490264164191104
3393946047326340
5617978451300880
27655602009324220
25661315256508984
37559160264996370
96624132453023560
121066753851631350
-1
150085661093390196
15677874971083494
154670851862959950
104594577044927840
110289928000869639
56509700260833534
-1
24075236536083264
87510695468403300
41294336019246970
-1
142202629910465986
12203918371832696
102469922982068559
23062386481626790
-1
40464778891610146
670963515837840
15569812444530180
4503297296009432
-1
14593166655541950
21155708573201202
-1
-1
35760032873612132
28973610914007540
65063035933749580
13023240471296000
6596922368962344
36031238505013752
-1
4556287385098142
-1
101955391956305325
65536135233551576
53504705699784843
17630557537872026
66961263180370686
