1
9
908
72
1737
9
876
910
233
135
729
489
157
656
1165
147
846
902
1018
1635
805
1037
697
9
1153
7
559
633
57
1230
9
373
9
448
571
620
829
1090
372
413
8
1480
883
1603
9
115
1972
6
1969
1825
265
269
715
281
885
9
775
103
1920
398
8
599
1866
834
1305
1499
117
328
1591
752
228
9
556
1828
406
436
555
527
13
1965
850
9
9
428
1145
1733
389
278
6
164
474
9
224
473
593
641
589
150
1042
938
9
365
151
974
908
477
1542
373
9
398
9
581
5
984
1930
172
1156
599
827
192
744
125
1048
1256
9
227
609
1123
608
1102
274
9
838
9
1114
8
9
9
1324
1009
1786
834
1495
1137
548
7
9
383
1798
1716
1002
1036
577
445
8
1216
190
1750
747
164
41
36
522
1019
1033
152
259
1107
1806
1352
513
9
1182
250
1654
4
9
9
1949
9
940
608
894
191
222
971
163
299
925
1143
9
781
1468
379
1515
903
144
889
1495
1106
738
324
751
8
752
402
952
9
9
1051
447
326
8
9
1475
1013
345
9
1112
381
8
176
8
1683
970
1657
1866
576
875
8
9
273
694
9
456
9
148
190
1309
49
1443
1788
1102
818
1697
9
9
8
8
939
9
500
1359
100
798
832
803
578
152
357
46
1053
1189
470
497
1361
788
436
8
810
473
462
171
465
4
344
1245
355
1350
1924
704
873
1014
578
1187
1915
1028
9
9
9
1080
1719
1077
591
255
9
8
396
9
1985
797
417
1414
468
415
996
9
1645
1981
513
63
1148
470
656
1617
1845
925
1775
596
1156
303
8
159
396
531
1615
234
826
9
504
775
6
1396
1306
931
745
1972
996
8
138
1064
7
6
248
128
9
800
366
6
291
299
1235
699
941
214
34
379
135
9
1751
1047
524
6
878
9
1450
693
9
1085
1513
805
1217
209
505
483
776
8
116
286
9
9
131
183
220
961
614
1941
1358
216
1293
524
886
7
353
1053
868
1153
393
310
564
144
386
1052
6
9
539
107
276
547
565
330
1212
479
442
1601
224
9
236
9
11
314
180
845
1749
151
1678
704
410
9
72
4
9
561
1028
1284
155
1207
353
274
994
225
9
880
1105
9
1628
9
9
4
362
6
719
923
1390
1994
477
9
9
1050
1176
362
89
299
9
534
1040
235
285
500
325
1097
564
9
1142
599
752
629
786
952
1594
1331
1153
85
9
143
402
1216
4
191
525
461
340
991
242
313
468
504
1261
719
831
376
4
9
8
855
6
419
1430
6
4
937
1132
484
1403
960
9
229
222
201
947
1666
1045
555
490
159
1133
4
273
911
24
659
1212
6
256
405
254
9
320
233
1054
635
1080
899
1444
1341
1110
488
324
484
1726
599
852
1234
26
9
9
684
1911
4
9
6
895
1386
190
9
184
1062
1557
356
1690
748
604
958
548
1884
9
7
494
683
268
218
1104
9
760
622
9
294
234
146
546
235
571
503
9
288
599
753
9
9
59
371
9
1022
3
4
409
639
856
124
1729
271
21
58
9
9
8
1351
1611
1758
9
322
224
822
9
710
1112
450
1585
1294
291
9
870
390
162
625
9
1798
6
509
1553
1402
55
790
1169
366
272
471
1297
420
1538
281
299
635
9
1733
1294
9
871
615
1234
1904
105
6
1395
9
796
191
36
1352
129
970
1075
1267
521
32
974
1769
1485
1370
562
842
9
1295
9
1466
6
365
1398
440
198
9
36
8
1122
866
237
9
198
709
301
883
461
9
532
9
576
908
1154
9
1733
1974
1106
294
9
1193
459
1896
6
177
1009
1226
377
1820
1246
599
1285
526
9
1613
1573
1919
9
3
829
1221
198
80
9
783
1174
365
266
327
9
55
799
31
562
754
299
223
1653
9
1138
9
1138
9
9
671
1123
1152
248
1061
1630
9
7
4
925
204
989
625
252
407
1148
199
299
465
211
1876
674
31
771
142
413
9
1097
367
1051
557
172
791
574
1408
1218
9
388
222
1377
6
95
9
1328
256
8
1261
9
405
279
113
74
772
280
6
536
1494
8
1089
266
599
5
951
1802
280
6
160
331
1406
683
358
1279
295
137
9
1658
1763
80
711
1283
349
769
1772
647
1946
5
979
173
771
596
790
1436
867
50
261
1304
1068
8
529
825
60
346
1405
384
1907
975
27
9
579
9
1626
985
135
566
202
4
17
355
9
930
1724
807
1459
9
1635
1747
1972
582
409
534
4
1484
1394
589
9
424
1451
599
58
552
412
250
290
1242
422
389
5
1420
1459
1156
9
984
1480
145
168
563
6
59
684
58
101
87
1058
350
1929
336
1418
25
522
244
819
1287
8
19
125
1542
1380
961
203
445
877
455
9
626
775
1516
1423
206
51
481
108
9
640
1402
302
9
1546
60
302
1017
204
562
1670
9
173
69
9
245
8
318
9
1027
9
1891
68
902
9
903
1272
277
945
804
1057
1747
691
584
9
9
372
9
938
976
6
8
100
159
9
477
1130
694
4
1226
814
627
789
1249
593
9
921
1210
1807
8
1484
6
248
278
1432
599
9
269
308
352
6
467
9
720
9
1204
1666
683
1425
948
432
254
222
9
7
552
6
1307
511
1249
1373
100
1969
977
239
219
1496
1140
541
9
11
1557
1221
9
1257
463
771
6
9
6
412
299
625
1824
1565
1580
447
119
1963
1738
1981
123
122
461
1193
597
164
989
381
1540
99
538
9
34
463
1132
602
1017
1379
849
1255
257
1916
1828
640
437
742
307
445
4
570
683
1040
320
9
1284
1831
1823
644
8
666
628
763
133
9
117
299
1275
9
952
1105
6
831
956
1378
9
875
9
1180
944
1086
1283
5
1640
483
1432
326
1132
483
1501
6
747
1348
9
8
197
1316
374
9
9
504
300
443
9
1206
647
1610
189
443
1203
684
1054
7
285
5
9
910
274
9
443
275
749
332
649
1364
1560
673
609
257
9
59
9
208
9
500
198
210
1093
567
7
8
1121
1019
9
1426
328
269
723
273
406
1725
4
9
596
1278
1947
23
599
1296
419
9
9
320
107
9
840
118
143
1210
373
9
127
598
122
231
327
79
1308
45
1249
709
263
678
586
539
1920
973
1000
223
9
313
964
1107
9
9
1609
1542
270
533
9
383
1180
1123
1053
132
129
9
1845
9
464
1189
89
436
177
1609
1526
676
1637
625
357
318
9
1648
8
1147
9
6
263
1517
9
852
9
809
599
4
824
3
493
169
6
1295
682
4
644
634
16
628
744
187
1137
267
208
1959
1252
373
743
1139
108
302
1314
8
773
50
1380
382
321
1633
9
1124
273
974
108
696
1626
181
9
9
982
323
1159
9
461
231
91
96
834
1094
9
358
763
280
9
1695
9
568
846
9
721
9
9
239
54
9
681
374
720
772
9
9
9
1394
1651
312
315
736
629
230
1908
582
3
146
1326
606
792
586
910
522
696
396
595
913
9
608
1885
328
9
338
726
9
1098
522
105
9
642
299
1379
146
110
59
740
1915
1935
56
279
6
882
112
1007
1167
621
4
248
8
9
289
1070
757
444
1802
622
126
143
1699
815
666
562
5
493
35
24
1873
6
1288
1221
9
40
947
1417
1937
359
880
6
454
6
436
464
1906
824
949
378
327
923
358
370
685
645
5
931
1959
368
950
139
662
1548
531
1391
365
229
169
8
829
555
13
6
9
1313
526
1476
9
946
947
9
486
796
549
832
1016
755
661
4
740
539
1877
121
753
1685
1034
1001
116
380
1026
639
9
9
1081
953
1933
9
1717
9
7
24
1084
5
324
361
304
1054
1009
962
5
870
299
1000
946
1592
1042
1044
1882
9
146
1117
6
9
641
409
139
412
381
1834
872
8
96
1849
9
1271
520
928
1665
176
294
1107
2
260
495
184
678
93
107
9
1366
1067
162
1090
403
1456
431
60
1405
416
577
152
874
225
9
1111
109
64
1262
665
1595
519
416
301
9
1842
5
1319
777
1387
196
1170
1979
9
299
616
1538
932
1434
223
9
6
6
832
9
847
420
731
594
349
982
153
1772
739
1597
1561
9
9
9
6
945
1283
788
4
4
9
101
553
462
483
351
1660
1771
9
160
379
761
7
170
499
214
9
71
1019
223
781
301
208
286
1390
1101
297
234
1270
463
1795
513
1964
6
824
2
1092
1055
345
708
1200
9
474
767
5
6
923
78
1627
9
9
338
6
1266
360
909
757
642
1466
505
9
414
783
1131
1545
538
1412
9
32
1220
962
1149
9
143
588
1806
798
84
9
1869
270
862
6
557
673
9
9
794
1992
104
9
1
72
1
899
1510
325
82
538
1856
291
150
1834
9
1089
292
615
791
612
775
927
742
1607
232
965
1403
6
140
1293
585
728
961
9
1967
1139
1881
148
423
893
62
4
9
441
1972
1410
179
9
682
1063
1632
187
9
247
6
9
9
178
1717
5
690
51
1409
1733
737
299
1575
31
91
294
9
215
1261
914
4
761
9
729
224
345
532
761
427
666
232
7
8
3
6
9
531
9
411
1462
1785
311
537
931
1688
817
335
683
9
201
588
299
291
658
487
1466
1939
78
1184
819
1917
236
7
251
223
9
186
287
1272
412
101
1745
6
388
436
1144
1996
751
1047
8
567
840
129
1647
1350
504
1022
118
1063
867
1075
9
544
69
728
1122
482
492
986
875
5
565
9
1543
752
578
9
296
684
163
1967
6
357
553
9
908
1634
9
694
1639
302
99
687
502
1605
1061
9
206
7
390
1701
9
890
299
275
535
428
1923
9
6
682
176
6
0
645
299
1107
793
8
562
1781
401
389
1619
1168
513
438
367
1514
9
877
25
300
376
1402
290
645
1501
741
1048
39
975
4
126
9
447
599
187
84
384
971
1648
1049
38
747
999
904
371
1201
10
9
398
9
1751
81
532
591
9
8
103
416
8
6
966
492
542
27
87
155
9
5
1701
104
933
930
599
495
44
92
324
1146
353
144
770
316
1313
783
9
1298
375
299
299
811
25
1634
9
243
1353
9
9
9
196
428
600
1146
299
195
323
6
251
8
385
486
9
213
363
1281
1040
277
6
3
381
1373
771
768
273
907
9
229
1896
15
1545
1313
1324
24
1566
4
1414
9
9
1096
9
1657
5
9
475
229
1022
70
160
9
346
1184
1837
283
904
407
342
1073
636
1015
1468
1596
792
612
365
394
1362
856
9
1132
9
914
753
1268
8
915
701
1088
3
1131
800
299
9
785
256
661
184
6
32
947
423
297
1785
1064
803
301
9
1149
1388
297
435
203
4
172
638
714
1310
725
667
1595
345
9
567
469
622
248
9
237
217
7
786
1466
306
1672
299
1504
945
738
185
679
9
299
360
542
9
1181
2
1006
9
579
424
1423
9
8
1677
183
411
993
225
274
102
479
991
245
9
1741
260
674
79
1438
9
1201
1412
9
9
712
1048
9
9
921
832
133
9
395
593
5
9
6
556
929
158
792
950
9
1812
972
230
903
1072
1271
104
1237
525
807
1228
400
410
161
31
1068
1833
1366
8
46
415
362
253
126
1770
39
907
457
274
981
800
643
355
54
1365
1231
1414
1822
358
7
295
884
232
1417
1553
588
211
1064
282
7
1181
257
230
1009
793
8
1178
1044
1275
489
903
1632
1412
326
9
968
358
4
318
1130
1242
358
167
892
1683
9
569
9
8
1340
1623
1423
1299
138
299
8
717
138
6
41
1735
9
428
1081
1555
9
9
9
1513
9
9
1247
1000
290
1202
870
1090
9
1557
1191
930
6
1027
502
5
1041
27
1116
945
69
1723
1507
1396
889
161
157
1894
88
9
1022
337
9
1223
334
1033
9
399
193
393
9
288
657
7
1744
577
293
1691
62
322
659
8
194
9
9
1342
1744
109
530
870
35
1341
8
8
792
340
9
1106
9
417
152
9
456
508
648
1092
45
844
254
205
372
755
1754
9
287
1186
823
1660
1499
1132
432
682
591
1260
1266
1365
484
832
39
9
314
1660
181
1520
98
1720
9
9
1321
1426
9
996
1498
9
1717
380
3
1314
1276
1106
657
362
542
525
328
1441
1150
668
9
1180
2
1242
1634
1709
9
8
37
526
173
10
9
753
9
303
467
1773
456
1266
1352
23
382
9
521
401
1636
1989
3
966
1617
952
9
532
251
1628
1076
945
115
712
473
7
412
144
1065
1717
74
511
680
9
8
9
299
1099
599
259
6
136
220
321
1756
681
9
1110
8
1366
9
1721
9
176
994
1649
1749
1137
40
1357
521
778
546
337
5
7
8
9
1905
31
9
760
144
468
9
8
265
1280
1817
423
9
513
1437
601
960
1803
163
4
985
531
466
283
393
1910
9
919
17
225
798
742
257
7
6
47
633
8
1371
3
276
576
656
729
558
282
945
33
1602
440
1524
8
1822
932
1511
6
948
979
686
356
1894
1522
836
344
9
1057
1054
1382
1415
1485
599
1627
427
1858
272
829
961
32
1507
1292
1576
1675
9
1234
599
362
1538
681
1002
1131
1435
7
796
580
170
1651
441
100
626
701
5
441
462
145
9
497
9
96
1370
8
419
1169
1096
241
570
117
654
299
8
407
1204
1407
874
205
191
8
265
847
1052
7
8
1990
593
1662
9
103
534
240
34
1808
589
390
1
176
7
211
1449
866
1077
144
9
606
9
6
6
994
761
1341
1313
739
1483
364
885
907
9
1767
128
13
9
1129
360
341
2
16
541
9
177
8
163
9
9
762
713
9
1869
501
9
7
952
9
1274
455
1849
464
9
372
273
1949
357
1363
234
1233
851
794
1291
272
744
528
867
1559
597
1326
1216
1320
9
1054
952
1089
309
194
133
305
257
1304
1012
1210
1144
1755
179
9
926
1104
389
778
1751
227
1954
7
1164
1849
7
8
348
1646
769
1465
193
232
423
76
1123
1282
692
88
859
303
528
822
1782
977
8
545
1354
630
9
9
571
1274
8
9
359
106
725
3
696
599
130
299
6
1252
8
352
1888
9
9
1600
1549
1157
1557
37
532
1019
1199
147
454
1894
1091
787
4
1630
925
6
1872
266
1197
943
808
1205
279
9
9
6
69
1061
1492
1549
9
1899
30
687
114
1760
1662
6
9
990
899
9
741
199
13
94
80
821
9
1246
496
1214
1267
283
2
201
687
728
9
312
292
1684
260
6
412
1744
607
1777
6
494
300
1424
472
9
112
1764
581
513
4
9
8
192
9
1953
621
1440
1079
1908
1736
320
295
1293
9
599
9
1849
1692
1198
299
266
8
9
318
886
1754
312
115
1212
110
8
294
168
477
9
659
255
599
465
9
1709
467
51
4
9
958
1408
1663
277
1138
1832
481
651
976
182
1928
9
460
532
444
174
1204
916
308
293
208
66
4
765
1283
932
1912
9
299
9
1799
299
739
9
185
371
259
9
1068
995
996
495
29
299
9
984
441
1479
599
963
9
636
566
347
537
439
9
5
135
1184
6
9
1506
22
627
219
506
1164
6
6
1303
319
1858
64
684
433
806
565
204
1237
132
914
1277
1031
1183
1675
