605055668
345022927
345022927
591541291
992788679
992788679
1093075054
1093075054
1093075054
593366649
407644535
252136945
252136945
252136945
252136945
252136945
252136945
212135924
212135924
212135924
212135924
212135924
212135924
782490868
782490868
209441189
874750381
641559397
968606366
968606366
475948516
348885391
348885391
348885391
785067782
785067782
222933858
1004637777
1004637777
230136039
230136039
230136039
648004770
648004770
335080369
335080369
269629902
861948157
861948157
1004637777
720011839
765955964
765955964
765955964
746627766
347953429
347953429
165693738
686541906
711185109
801842683
801842683
1004637777
214994145
772866598
772866598
772866598
932752702
932752702
602145709
602145709
656188404
656188404
656188404
559360437
559360437
882957434
962042460
521686481
238645357
382811464
382811464
382811464
311413901
311413901
311413901
311413901
549613333
549613333
912377030
270055251
259615665
928779575
1104493237
1104493237
805671782
805671782
805671782
771766723
956329908
