208192823
0
406106582
255704459
305002055
0
0
106375258
106375258
106375258
119144039
119144039
119144039
0
53605894
535626248
471985984
184110724
700671570
162231047
162231047
275350913
275350913
0
0
0
0
0
0
0
0
63018115
0
104691075
104691075
342272882
295565656
0
0
0
0
355338596
0
0
0
117234114
909580152
510427409
510427409
510427409
0
0
0
0
0
0
563720339
967844975
67590918
67590918
0
0
0
0
0
0
0
0
0
0
0
0
0
0
122851402
146101660
146101660
146101660
239851535
646135792
113213588
0
159893186
229596026
72411412
0
0
155554374
0
0
0
0
0
68219480
68219480
21038827
0
0
0
0
