5 1 6
5 2 220
5 3 1686
5 4 7032
5 5 21190
5 6 52116
5 7 111510
5 8 215536
5 9 385542
5 10 648780
5 11 1039126
5 12 1597800
5 13 2374086
5 14 3426052
5 15 4821270
5 16 6637536
5 17 8963590
5 18 11899836
5 19 15559062
5 20 20067160
5 21 25563846
5 22 32203380
5 23 40155286
5 24 49605072
5 25 60754950
5 26 73824556
5 27 89051670
5 28 106692936
5 29 127024582
5 30 150343140
5 31 176966166
5 32 207232960
5 33 241505286
5 34 280168092
5 35 323630230
5 36 372325176
5 37 426711750
5 38 487274836
5 39 554526102
5 40 629004720
6 1 7
6 2 532
6 3 6153
6 4 34216
6 5 128635
6 6 378732
6 7 943117
6 8 2078608
6 9 4174191
6 10 7790020
6 11 13701457
6 12 22948152
6 13 36888163
6 14 57257116
6 15 86232405
6 16 126502432
6 17 181340887
6 18 254686068
6 19 351225241
6 20 476484040
6 21 636920907
6 22 840026572
6 23 94428566
6 24 410000809
6 25 797978168
6 26 271076118
6 27 843614091
6 28 531648991
6 29 353106359
6 30 327921297
6 31 478183315
6 32 828286211
6 33 405082984
