1 1 2
1 2 4
1 3 6
1 4 8
1 5 10
1 6 12
1 7 14
1 8 16
1 9 18
1 10 20
1 11 22
1 12 24
1 13 26
1 14 28
1 15 30
1 16 32
1 17 34
1 18 36
1 19 38
1 20 40
1 21 42
1 22 44
1 23 46
1 24 48
1 25 50
1 26 52
1 27 54
1 28 56
1 29 58
1 30 60
1 31 62
1 32 64
1 33 66
1 34 68
1 35 70
1 36 72
1 37 74
1 38 76
1 39 78
1 40 80
2 1 3
2 2 12
2 3 27
2 4 48
2 5 75
2 6 108
2 7 147
2 8 192
2 9 243
2 10 300
2 11 363
2 12 432
2 13 507
2 14 588
2 15 675
2 16 768
2 17 867
2 18 972
2 19 1083
2 20 1200
2 21 1323
2 22 1452
2 23 1587
2 24 1728
2 25 1875
2 26 2028
2 27 2187
2 28 2352
2 29 2523
2 30 2700
2 31 2883
2 32 3072
2 33 3267
2 34 3468
2 35 3675
2 36 3888
2 37 4107
2 38 4332
2 39 4563
2 40 4800
3 1 4
3 2 34
3 3 114
3 4 268
3 5 520
3 6 894
3 7 1414
3 8 2104
3 9 2988
3 10 4090
3 11 5434
3 12 7044
3 13 8944
3 14 11158
3 15 13710
3 16 16624
3 17 19924
3 18 23634
3 19 27778
3 20 32380
3 21 37464
3 22 43054
3 23 49174
3 24 55848
3 25 63100
3 26 70954
3 27 79434
3 28 88564
3 29 98368
3 30 108870
3 31 120094
3 32 132064
3 33 144804
3 34 158338
3 35 172690
3 36 187884
3 37 203944
3 38 220894
3 39 238758
3 40 257560
4 1 5
4 2 88
4 3 447
4 4 1400
4 5 3385
4 6 6960
4 7 12803
4 8 21712
4 9 34605
4 10 52520
4 11 76615
4 12 108168
4 13 148577
4 14 199360
4 15 262155
4 16 338720
4 17 430933
4 18 540792
4 19 670415
4 20 822040
4 21 998025
4 22 1200848
4 23 1433107
4 24 1697520
4 25 1996925
4 26 2334280
4 27 2712663
4 28 3135272
4 29 3605425
4 30 4126560
4 31 4702235
4 32 5336128
4 33 6032037
4 34 6793880
4 35 7625695
4 36 8531640
4 37 9515993
4 38 10583152
4 39 11737635
4 40 12984080
5 1 6
5 2 220
5 3 1686
5 4 7032
5 5 21190
5 6 52116
5 7 111510
5 8 215536
5 9 385542
5 10 648780
5 11 1039126
5 12 1597800
5 13 2374086
5 14 3426052
5 15 4821270
5 16 6637536
5 17 8963590
5 18 11899836
5 19 15559062
5 20 20067160
5 21 25563846
5 22 32203380
5 23 40155286
5 24 49605072
5 25 60754950
5 26 73824556
5 27 89051670
5 28 106692936
5 29 127024582
5 30 150343140
5 31 176966166
5 32 207232960
5 33 241505286
5 34 280168092
5 35 323630230
5 36 372325176
5 37 426711750
5 38 487274836
5 39 554526102
5 40 629004720